app/build/intermediates/manifest_merge_blame_file/debug/manifest-merger-blame-debug-report.txt
1<?xml version="1.0" encoding="utf-8"?>
2<manifest xmlns:android="http://schemas.android.com/apk/res/android"
3    package="com.example.littlelemon"
4    android:versionCode="1"
5    android:versionName="1.0" >
6
7    <uses-sdk
8        android:minSdkVersion="24"
8-->src\main\AndroidManifest.xml
9        android:targetSdkVersion="34" />
9-->src\main\AndroidManifest.xml
10
11    <uses-permission android:name="android.permission.INTERNET" />
11-->src\main\AndroidManifest.xml:5:5-67
11-->src\main\AndroidManifest.xml:5:22-64
12
13    <permission
13-->[androidx.core:core:1.10.1] AndroidManifest.xml:22:5-24:47
14        android:name="com.example.littlelemon.DYNAMIC_RECEIVER_NOT_EXPORTED_PERMISSION"
14-->[androidx.core:core:1.10.1] AndroidManifest.xml:23:9-81
15        android:protectionLevel="signature" />
15-->[androidx.core:core:1.10.1] AndroidManifest.xml:24:9-44
16
17    <uses-permission android:name="com.example.littlelemon.DYNAMIC_RECEIVER_NOT_EXPORTED_PERMISSION" />
17-->[androidx.core:core:1.10.1] AndroidManifest.xml:26:5-97
17-->[androidx.core:core:1.10.1] AndroidManifest.xml:26:22-94
18    <uses-permission android:name="android.permission.REORDER_TASKS" />
18-->[androidx.test:core:1.4.0] AndroidManifest.xml:24:5-72
18-->[androidx.test:core:1.4.0] AndroidManifest.xml:24:22-69
19
20    <application
20-->src\main\AndroidManifest.xml:7:5-32:19
21        android:allowBackup="true"
21-->src\main\AndroidManifest.xml:8:9-35
22        android:appComponentFactory="androidx.core.app.CoreComponentFactory"
22-->[androidx.core:core:1.10.1] AndroidManifest.xml:28:18-86
23        android:dataExtractionRules="@xml/data_extraction_rules"
23-->src\main\AndroidManifest.xml:9:9-65
24        android:debuggable="true"
25        android:extractNativeLibs="false"
26        android:fullBackupContent="@xml/backup_rules"
26-->src\main\AndroidManifest.xml:10:9-54
27        android:icon="@mipmap/ic_launcher"
27-->src\main\AndroidManifest.xml:11:9-43
28        android:label="@string/app_name"
28-->src\main\AndroidManifest.xml:12:9-41
29        android:roundIcon="@mipmap/ic_launcher_round"
29-->src\main\AndroidManifest.xml:13:9-54
30        android:supportsRtl="true"
30-->src\main\AndroidManifest.xml:14:9-35
31        android:testOnly="true"
32        android:theme="@style/Theme.LittleLemon" >
32-->src\main\AndroidManifest.xml:15:9-49
33        <activity
33-->src\main\AndroidManifest.xml:17:9-31:20
34            android:name="com.example.littlelemon.MainActivity"
34-->src\main\AndroidManifest.xml:18:13-41
35            android:exported="true"
35-->src\main\AndroidManifest.xml:19:13-36
36            android:label="@string/app_name"
36-->src\main\AndroidManifest.xml:20:13-45
37            android:theme="@style/Theme.LittleLemon" >
37-->src\main\AndroidManifest.xml:21:13-53
38            <intent-filter>
38-->src\main\AndroidManifest.xml:22:13-26:29
39                <action android:name="android.intent.action.MAIN" />
39-->src\main\AndroidManifest.xml:23:17-69
39-->src\main\AndroidManifest.xml:23:25-66
40
41                <category android:name="android.intent.category.LAUNCHER" />
41-->src\main\AndroidManifest.xml:25:17-77
41-->src\main\AndroidManifest.xml:25:27-74
42            </intent-filter>
43
44            <meta-data
44-->src\main\AndroidManifest.xml:28:13-30:36
45                android:name="android.app.lib_name"
45-->src\main\AndroidManifest.xml:29:17-52
46                android:value="" />
46-->src\main\AndroidManifest.xml:30:17-33
47        </activity>
48        <activity
48-->[androidx.compose.ui:ui-test-manifest:1.5.0] AndroidManifest.xml:23:9-25:39
49            android:name="androidx.activity.ComponentActivity"
49-->[androidx.compose.ui:ui-test-manifest:1.5.0] AndroidManifest.xml:24:13-63
50            android:exported="true" />
50-->[androidx.compose.ui:ui-test-manifest:1.5.0] AndroidManifest.xml:25:13-36
51        <activity
51-->[androidx.compose.ui:ui-tooling-android:1.5.0] AndroidManifest.xml:23:9-25:39
52            android:name="androidx.compose.ui.tooling.PreviewActivity"
52-->[androidx.compose.ui:ui-tooling-android:1.5.0] AndroidManifest.xml:24:13-71
53            android:exported="true" />
53-->[androidx.compose.ui:ui-tooling-android:1.5.0] AndroidManifest.xml:25:13-36
54
55        <provider
55-->[androidx.emoji2:emoji2:1.4.0] AndroidManifest.xml:24:9-32:20
56            android:name="androidx.startup.InitializationProvider"
56-->[androidx.emoji2:emoji2:1.4.0] AndroidManifest.xml:25:13-67
57            android:authorities="com.example.littlelemon.androidx-startup"
57-->[androidx.emoji2:emoji2:1.4.0] AndroidManifest.xml:26:13-68
58            android:exported="false" >
58-->[androidx.emoji2:emoji2:1.4.0] AndroidManifest.xml:27:13-37
59            <meta-data
59-->[androidx.emoji2:emoji2:1.4.0] AndroidManifest.xml:29:13-31:52
60                android:name="androidx.emoji2.text.EmojiCompatInitializer"
60-->[androidx.emoji2:emoji2:1.4.0] AndroidManifest.xml:30:17-75
61                android:value="androidx.startup" />
61-->[androidx.emoji2:emoji2:1.4.0] AndroidManifest.xml:31:17-49
62            <meta-data
62-->[androidx.lifecycle:lifecycle-process:2.6.1] AndroidManifest.xml:29:13-31:52
63                android:name="androidx.lifecycle.ProcessLifecycleInitializer"
63-->[androidx.lifecycle:lifecycle-process:2.6.1] AndroidManifest.xml:30:17-78
64                android:value="androidx.startup" />
64-->[androidx.lifecycle:lifecycle-process:2.6.1] AndroidManifest.xml:31:17-49
65            <meta-data
65-->[androidx.profileinstaller:profileinstaller:1.3.0] AndroidManifest.xml:29:13-31:52
66                android:name="androidx.profileinstaller.ProfileInstallerInitializer"
66-->[androidx.profileinstaller:profileinstaller:1.3.0] AndroidManifest.xml:30:17-85
67                android:value="androidx.startup" />
67-->[androidx.profileinstaller:profileinstaller:1.3.0] AndroidManifest.xml:31:17-49
68        </provider>
69
70        <activity
70-->[androidx.test:core:1.4.0] AndroidManifest.xml:27:9-34:20
71            android:name="androidx.test.core.app.InstrumentationActivityInvoker$BootstrapActivity"
71-->[androidx.test:core:1.4.0] AndroidManifest.xml:28:13-99
72            android:exported="true"
72-->[androidx.test:core:1.4.0] AndroidManifest.xml:29:13-36
73            android:theme="@android:style/Theme" >
73-->[androidx.test:core:1.4.0] AndroidManifest.xml:30:13-49
74            <intent-filter>
74-->[androidx.test:core:1.4.0] AndroidManifest.xml:31:13-33:29
75                <action android:name="android.intent.action.MAIN" />
75-->src\main\AndroidManifest.xml:23:17-69
75-->src\main\AndroidManifest.xml:23:25-66
76            </intent-filter>
77        </activity>
78        <activity
78-->[androidx.test:core:1.4.0] AndroidManifest.xml:35:9-42:20
79            android:name="androidx.test.core.app.InstrumentationActivityInvoker$EmptyActivity"
79-->[androidx.test:core:1.4.0] AndroidManifest.xml:36:13-95
80            android:exported="true"
80-->[androidx.test:core:1.4.0] AndroidManifest.xml:37:13-36
81            android:theme="@android:style/Theme" >
81-->[androidx.test:core:1.4.0] AndroidManifest.xml:38:13-49
82            <intent-filter>
82-->[androidx.test:core:1.4.0] AndroidManifest.xml:31:13-33:29
83                <action android:name="android.intent.action.MAIN" />
83-->src\main\AndroidManifest.xml:23:17-69
83-->src\main\AndroidManifest.xml:23:25-66
84            </intent-filter>
85        </activity>
86        <activity
86-->[androidx.test:core:1.4.0] AndroidManifest.xml:43:9-50:20
87            android:name="androidx.test.core.app.InstrumentationActivityInvoker$EmptyFloatingActivity"
87-->[androidx.test:core:1.4.0] AndroidManifest.xml:44:13-103
88            android:exported="true"
88-->[androidx.test:core:1.4.0] AndroidManifest.xml:45:13-36
89            android:theme="@android:style/Theme.Dialog" >
89-->[androidx.test:core:1.4.0] AndroidManifest.xml:46:13-56
90            <intent-filter>
90-->[androidx.test:core:1.4.0] AndroidManifest.xml:31:13-33:29
91                <action android:name="android.intent.action.MAIN" />
91-->src\main\AndroidManifest.xml:23:17-69
91-->src\main\AndroidManifest.xml:23:25-66
92            </intent-filter>
93        </activity>
94
95        <service
95-->[androidx.room:room-runtime:2.5.2] AndroidManifest.xml:24:9-28:63
96            android:name="androidx.room.MultiInstanceInvalidationService"
96-->[androidx.room:room-runtime:2.5.2] AndroidManifest.xml:25:13-74
97            android:directBootAware="true"
97-->[androidx.room:room-runtime:2.5.2] AndroidManifest.xml:26:13-43
98            android:exported="false" />
98-->[androidx.room:room-runtime:2.5.2] AndroidManifest.xml:27:13-37
99
100        <receiver
100-->[androidx.profileinstaller:profileinstaller:1.3.0] AndroidManifest.xml:34:9-52:20
101            android:name="androidx.profileinstaller.ProfileInstallReceiver"
101-->[androidx.profileinstaller:profileinstaller:1.3.0] AndroidManifest.xml:35:13-76
102            android:directBootAware="false"
102-->[androidx.profileinstaller:profileinstaller:1.3.0] AndroidManifest.xml:36:13-44
103            android:enabled="true"
103-->[androidx.profileinstaller:profileinstaller:1.3.0] AndroidManifest.xml:37:13-35
104            android:exported="true"
104-->[androidx.profileinstaller:profileinstaller:1.3.0] AndroidManifest.xml:38:13-36
105            android:permission="android.permission.DUMP" >
105-->[androidx.profileinstaller:profileinstaller:1.3.0] AndroidManifest.xml:39:13-57
106            <intent-filter>
106-->[androidx.profileinstaller:profileinstaller:1.3.0] AndroidManifest.xml:40:13-42:29
107                <action android:name="androidx.profileinstaller.action.INSTALL_PROFILE" />
107-->[androidx.profileinstaller:profileinstaller:1.3.0] AndroidManifest.xml:41:17-91
107-->[androidx.profileinstaller:profileinstaller:1.3.0] AndroidManifest.xml:41:25-88
108            </intent-filter>
109            <intent-filter>
109-->[androidx.profileinstaller:profileinstaller:1.3.0] AndroidManifest.xml:43:13-45:29
110                <action android:name="androidx.profileinstaller.action.SKIP_FILE" />
110-->[androidx.profileinstaller:profileinstaller:1.3.0] AndroidManifest.xml:44:17-85
110-->[androidx.profileinstaller:profileinstaller:1.3.0] AndroidManifest.xml:44:25-82
111            </intent-filter>
112            <intent-filter>
112-->[androidx.profileinstaller:profileinstaller:1.3.0] AndroidManifest.xml:46:13-48:29
113                <action android:name="androidx.profileinstaller.action.SAVE_PROFILE" />
113-->[androidx.profileinstaller:profileinstaller:1.3.0] AndroidManifest.xml:47:17-88
113-->[androidx.profileinstaller:profileinstaller:1.3.0] AndroidManifest.xml:47:25-85
114            </intent-filter>
115            <intent-filter>
115-->[androidx.profileinstaller:profileinstaller:1.3.0] AndroidManifest.xml:49:13-51:29
116                <action android:name="androidx.profileinstaller.action.BENCHMARK_OPERATION" />
116-->[androidx.profileinstaller:profileinstaller:1.3.0] AndroidManifest.xml:50:17-95
116-->[androidx.profileinstaller:profileinstaller:1.3.0] AndroidManifest.xml:50:25-92
117            </intent-filter>
118        </receiver>
119    </application>
120
121</manifest>